<?xml version="1.0" encoding="UTF-8"?>
<testng-results ignored="0" total="9" passed="9" failed="0" skipped="0">
  <reporter-output>
  </reporter-output>
  <suite started-at="2025-06-14T23:47:25 IST" name="CrossBrowserTest" finished-at="2025-06-14T23:48:43 IST" duration-ms="77651">
    <groups>
    </groups>
    <test started-at="2025-06-14T23:47:25 IST" name="ChromeTest" finished-at="2025-06-14T23:47:55 IST" duration-ms="29848">
      <class name="tests.AmazonSearchTest">
        <test-method is-config="true" signature="setUp(java.lang.String)[pri:0, instance:tests.AmazonSearchTest@6b81ce95]" started-at="2025-06-14T23:47:36 IST" name="setUp" finished-at="2025-06-14T23:47:42 IST" duration-ms="5878" status="PASS">
          <params>
            <param index="0">
              <value>
                <![CDATA[firefox]]>
              </value>
            </param>
          </params>
          <reporter-output>
          </reporter-output>
        </test-method> <!-- setUp -->
        <test-method signature="testSearchAndClickProduct()[pri:0, instance:tests.AmazonSearchTest@6b81ce95]" started-at="2025-06-14T23:47:42 IST" name="testSearchAndClickProduct" finished-at="2025-06-14T23:47:44 IST" duration-ms="2252" status="PASS">
          <reporter-output>
          </reporter-output>
        </test-method> <!-- testSearchAndClickProduct -->
        <test-method is-config="true" signature="tearDown()[pri:0, instance:tests.AmazonSearchTest@6b81ce95]" started-at="2025-06-14T23:47:44 IST" name="tearDown" finished-at="2025-06-14T23:47:45 IST" duration-ms="851" status="PASS">
          <reporter-output>
          </reporter-output>
        </test-method> <!-- tearDown -->
      </class> <!-- tests.AmazonSearchTest -->
      <class name="tests.AmazonCartTest">
        <test-method is-config="true" signature="setUp(java.lang.String)[pri:0, instance:tests.AmazonCartTest@2a798d51]" started-at="2025-06-14T23:47:45 IST" name="setUp" finished-at="2025-06-14T23:47:49 IST" duration-ms="3950" status="PASS">
          <params>
            <param index="0">
              <value>
                <![CDATA[firefox]]>
              </value>
            </param>
          </params>
          <reporter-output>
          </reporter-output>
        </test-method> <!-- setUp -->
        <test-method signature="addToCartAndProceed()[pri:0, instance:tests.AmazonCartTest@2a798d51]" started-at="2025-06-14T23:47:49 IST" name="addToCartAndProceed" finished-at="2025-06-14T23:47:54 IST" duration-ms="4926" status="PASS">
          <reporter-output>
          </reporter-output>
        </test-method> <!-- addToCartAndProceed -->
        <test-method is-config="true" signature="tearDown()[pri:0, instance:tests.AmazonCartTest@2a798d51]" started-at="2025-06-14T23:47:54 IST" name="tearDown" finished-at="2025-06-14T23:47:55 IST" duration-ms="871" status="PASS">
          <reporter-output>
          </reporter-output>
        </test-method> <!-- tearDown -->
      </class> <!-- tests.AmazonCartTest -->
      <class name="tests.AmazonLoginpageTest">
        <test-method is-config="true" signature="setUp(java.lang.String)[pri:0, instance:tests.AmazonLoginpageTest@61862a7f]" started-at="2025-06-14T23:47:25 IST" name="setUp" finished-at="2025-06-14T23:47:31 IST" duration-ms="5793" status="PASS">
          <params>
            <param index="0">
              <value>
                <![CDATA[firefox]]>
              </value>
            </param>
          </params>
          <reporter-output>
          </reporter-output>
        </test-method> <!-- setUp -->
        <test-method signature="logintest()[pri:0, instance:tests.AmazonLoginpageTest@61862a7f]" started-at="2025-06-14T23:47:31 IST" name="logintest" finished-at="2025-06-14T23:47:35 IST" duration-ms="4293" status="PASS">
          <reporter-output>
          </reporter-output>
        </test-method> <!-- logintest -->
        <test-method is-config="true" signature="tearDown()[pri:0, instance:tests.AmazonLoginpageTest@61862a7f]" started-at="2025-06-14T23:47:35 IST" name="tearDown" finished-at="2025-06-14T23:47:36 IST" duration-ms="990" status="PASS">
          <reporter-output>
          </reporter-output>
        </test-method> <!-- tearDown -->
      </class> <!-- tests.AmazonLoginpageTest -->
    </test> <!-- ChromeTest -->
    <test started-at="2025-06-14T23:47:55 IST" name="FirefoxTest" finished-at="2025-06-14T23:48:22 IST" duration-ms="26939">
      <class name="tests.AmazonSearchTest">
        <test-method is-config="true" signature="setUp(java.lang.String)[pri:0, instance:tests.AmazonSearchTest@5b8dfcc1]" started-at="2025-06-14T23:48:04 IST" name="setUp" finished-at="2025-06-14T23:48:08 IST" duration-ms="4144" status="PASS">
          <params>
            <param index="0">
              <value>
                <![CDATA[firefox]]>
              </value>
            </param>
          </params>
          <reporter-output>
          </reporter-output>
        </test-method> <!-- setUp -->
        <test-method signature="testSearchAndClickProduct()[pri:0, instance:tests.AmazonSearchTest@5b8dfcc1]" started-at="2025-06-14T23:48:08 IST" name="testSearchAndClickProduct" finished-at="2025-06-14T23:48:11 IST" duration-ms="2666" status="PASS">
          <reporter-output>
          </reporter-output>
        </test-method> <!-- testSearchAndClickProduct -->
        <test-method is-config="true" signature="tearDown()[pri:0, instance:tests.AmazonSearchTest@5b8dfcc1]" started-at="2025-06-14T23:48:11 IST" name="tearDown" finished-at="2025-06-14T23:48:12 IST" duration-ms="802" status="PASS">
          <reporter-output>
          </reporter-output>
        </test-method> <!-- tearDown -->
      </class> <!-- tests.AmazonSearchTest -->
      <class name="tests.AmazonCartTest">
        <test-method is-config="true" signature="setUp(java.lang.String)[pri:0, instance:tests.AmazonCartTest@2f9f7dcf]" started-at="2025-06-14T23:48:12 IST" name="setUp" finished-at="2025-06-14T23:48:17 IST" duration-ms="4805" status="PASS">
          <params>
            <param index="0">
              <value>
                <![CDATA[firefox]]>
              </value>
            </param>
          </params>
          <reporter-output>
          </reporter-output>
        </test-method> <!-- setUp -->
        <test-method signature="addToCartAndProceed()[pri:0, instance:tests.AmazonCartTest@2f9f7dcf]" started-at="2025-06-14T23:48:17 IST" name="addToCartAndProceed" finished-at="2025-06-14T23:48:21 IST" duration-ms="4616" status="PASS">
          <reporter-output>
          </reporter-output>
        </test-method> <!-- addToCartAndProceed -->
        <test-method is-config="true" signature="tearDown()[pri:0, instance:tests.AmazonCartTest@2f9f7dcf]" started-at="2025-06-14T23:48:21 IST" name="tearDown" finished-at="2025-06-14T23:48:22 IST" duration-ms="835" status="PASS">
          <reporter-output>
          </reporter-output>
        </test-method> <!-- tearDown -->
      </class> <!-- tests.AmazonCartTest -->
      <class name="tests.AmazonLoginpageTest">
        <test-method is-config="true" signature="setUp(java.lang.String)[pri:0, instance:tests.AmazonLoginpageTest@72967906]" started-at="2025-06-14T23:47:55 IST" name="setUp" finished-at="2025-06-14T23:47:59 IST" duration-ms="4029" status="PASS">
          <params>
            <param index="0">
              <value>
                <![CDATA[firefox]]>
              </value>
            </param>
          </params>
          <reporter-output>
          </reporter-output>
        </test-method> <!-- setUp -->
        <test-method signature="logintest()[pri:0, instance:tests.AmazonLoginpageTest@72967906]" started-at="2025-06-14T23:47:59 IST" name="logintest" finished-at="2025-06-14T23:48:03 IST" duration-ms="4177" status="PASS">
          <reporter-output>
          </reporter-output>
        </test-method> <!-- logintest -->
        <test-method is-config="true" signature="tearDown()[pri:0, instance:tests.AmazonLoginpageTest@72967906]" started-at="2025-06-14T23:48:03 IST" name="tearDown" finished-at="2025-06-14T23:48:04 IST" duration-ms="863" status="PASS">
          <reporter-output>
          </reporter-output>
        </test-method> <!-- tearDown -->
      </class> <!-- tests.AmazonLoginpageTest -->
    </test> <!-- FirefoxTest -->
    <test started-at="2025-06-14T23:48:22 IST" name="EdgeTest" finished-at="2025-06-14T23:48:43 IST" duration-ms="20827">
      <class name="tests.AmazonSearchTest">
        <test-method is-config="true" signature="setUp(java.lang.String)[pri:0, instance:tests.AmazonSearchTest@1bd4fdd]" started-at="2025-06-14T23:48:27 IST" name="setUp" finished-at="2025-06-14T23:48:30 IST" duration-ms="2420" status="PASS">
          <params>
            <param index="0">
              <value>
                <![CDATA[edge]]>
              </value>
            </param>
          </params>
          <reporter-output>
          </reporter-output>
        </test-method> <!-- setUp -->
        <test-method signature="testSearchAndClickProduct()[pri:0, instance:tests.AmazonSearchTest@1bd4fdd]" started-at="2025-06-14T23:48:30 IST" name="testSearchAndClickProduct" finished-at="2025-06-14T23:48:32 IST" duration-ms="2386" status="PASS">
          <reporter-output>
          </reporter-output>
        </test-method> <!-- testSearchAndClickProduct -->
        <test-method is-config="true" signature="tearDown()[pri:0, instance:tests.AmazonSearchTest@1bd4fdd]" started-at="2025-06-14T23:48:32 IST" name="tearDown" finished-at="2025-06-14T23:48:33 IST" duration-ms="1256" status="PASS">
          <reporter-output>
          </reporter-output>
        </test-method> <!-- tearDown -->
      </class> <!-- tests.AmazonSearchTest -->
      <class name="tests.AmazonCartTest">
        <test-method is-config="true" signature="setUp(java.lang.String)[pri:0, instance:tests.AmazonCartTest@55183b20]" started-at="2025-06-14T23:48:33 IST" name="setUp" finished-at="2025-06-14T23:48:36 IST" duration-ms="2283" status="PASS">
          <params>
            <param index="0">
              <value>
                <![CDATA[edge]]>
              </value>
            </param>
          </params>
          <reporter-output>
          </reporter-output>
        </test-method> <!-- setUp -->
        <test-method signature="addToCartAndProceed()[pri:0, instance:tests.AmazonCartTest@55183b20]" started-at="2025-06-14T23:48:36 IST" name="addToCartAndProceed" finished-at="2025-06-14T23:48:42 IST" duration-ms="5827" status="PASS">
          <reporter-output>
          </reporter-output>
        </test-method> <!-- addToCartAndProceed -->
        <test-method is-config="true" signature="tearDown()[pri:0, instance:tests.AmazonCartTest@55183b20]" started-at="2025-06-14T23:48:42 IST" name="tearDown" finished-at="2025-06-14T23:48:43 IST" duration-ms="1256" status="PASS">
          <reporter-output>
          </reporter-output>
        </test-method> <!-- tearDown -->
      </class> <!-- tests.AmazonCartTest -->
      <class name="tests.AmazonLoginpageTest">
        <test-method is-config="true" signature="setUp(java.lang.String)[pri:0, instance:tests.AmazonLoginpageTest@35e2d654]" started-at="2025-06-14T23:48:22 IST" name="setUp" finished-at="2025-06-14T23:48:25 IST" duration-ms="2636" status="PASS">
          <params>
            <param index="0">
              <value>
                <![CDATA[edge]]>
              </value>
            </param>
          </params>
          <reporter-output>
          </reporter-output>
        </test-method> <!-- setUp -->
        <test-method signature="logintest()[pri:0, instance:tests.AmazonLoginpageTest@35e2d654]" started-at="2025-06-14T23:48:25 IST" name="logintest" finished-at="2025-06-14T23:48:26 IST" duration-ms="1505" status="PASS">
          <reporter-output>
          </reporter-output>
        </test-method> <!-- logintest -->
        <test-method is-config="true" signature="tearDown()[pri:0, instance:tests.AmazonLoginpageTest@35e2d654]" started-at="2025-06-14T23:48:26 IST" name="tearDown" finished-at="2025-06-14T23:48:27 IST" duration-ms="1256" status="PASS">
          <reporter-output>
          </reporter-output>
        </test-method> <!-- tearDown -->
      </class> <!-- tests.AmazonLoginpageTest -->
    </test> <!-- EdgeTest -->
  </suite> <!-- CrossBrowserTest -->
</testng-results>
