<?xml version="1.0" encoding="UTF-8"?>
<testsuite xmlns:xsi="http://www.w3.org/2001/XMLSchema-instance" xsi:noNamespaceSchemaLocation="https://maven.apache.org/surefire/maven-surefire-plugin/xsd/surefire-test-report.xsd" version="3.0.2" name="TestSuite" time="78.004" tests="9" errors="0" skipped="0" failures="0">
  <properties>
[...]
</properties>
  <testcase name="logintest" classname="tests.AmazonLoginpageTest" time="4.302">
    <system-err><![CDATA[SLF4J(W): No SLF4J providers were found.
SLF4J(W): Defaulting to no-operation (NOP) logger implementation
SLF4J(W): See https://www.slf4j.org/codes.html#noProviders for further details.
]]></system-err>
  </testcase>
  <testcase name="logintest" classname="tests.AmazonLoginpageTest" time="4.177"/>
  <testcase name="logintest" classname="tests.AmazonLoginpageTest" time="1.505">
    <system-err><![CDATA[Jun 14, 2025 11:48:23 PM org.openqa.selenium.devtools.CdpVersionFinder findNearestMatch
WARNING: Unable to find CDP implementation matching 137
Jun 14, 2025 11:48:23 PM org.openqa.selenium.chromium.ChromiumDriver lambda$new$5
WARNING: Unable to find version of CDP to use for 137.0.3296.68. You may need to include a dependency on a specific version of the CDP using something similar to `org.seleniumhq.selenium:selenium-devtools-v86:4.20.0` where the version ("v86") matches the version of the chromium-based browser you're using and the version number of the artifact is the same as Selenium's.
]]></system-err>
  </testcase>
  <testcase name="testSearchAndClickProduct" classname="tests.AmazonSearchTest" time="2.252"/>
  <testcase name="testSearchAndClickProduct" classname="tests.AmazonSearchTest" time="2.667"/>
  <testcase name="testSearchAndClickProduct" classname="tests.AmazonSearchTest" time="2.386">
    <system-err><![CDATA[Jun 14, 2025 11:48:28 PM org.openqa.selenium.devtools.CdpVersionFinder findNearestMatch
WARNING: Unable to find CDP implementation matching 137
Jun 14, 2025 11:48:28 PM org.openqa.selenium.chromium.ChromiumDriver lambda$new$5
WARNING: Unable to find version of CDP to use for 137.0.3296.68. You may need to include a dependency on a specific version of the CDP using something similar to `org.seleniumhq.selenium:selenium-devtools-v86:4.20.0` where the version ("v86") matches the version of the chromium-based browser you're using and the version number of the artifact is the same as Selenium's.
]]></system-err>
  </testcase>
  <testcase name="addToCartAndProceed" classname="tests.AmazonCartTest" time="4.929">
    <system-out><![CDATA[Product added to cart successfully.
]]></system-out>
  </testcase>
  <testcase name="addToCartAndProceed" classname="tests.AmazonCartTest" time="4.618">
    <system-out><![CDATA[Product added to cart successfully.
]]></system-out>
  </testcase>
  <testcase name="addToCartAndProceed" classname="tests.AmazonCartTest" time="5.829">
    <system-out><![CDATA[Product added to cart successfully.
]]></system-out>
    <system-err><![CDATA[Jun 14, 2025 11:48:34 PM org.openqa.selenium.devtools.CdpVersionFinder findNearestMatch
WARNING: Unable to find CDP implementation matching 137
Jun 14, 2025 11:48:34 PM org.openqa.selenium.chromium.ChromiumDriver lambda$new$5
WARNING: Unable to find version of CDP to use for 137.0.3296.68. You may need to include a dependency on a specific version of the CDP using something similar to `org.seleniumhq.selenium:selenium-devtools-v86:4.20.0` where the version ("v86") matches the version of the chromium-based browser you're using and the version number of the artifact is the same as Selenium's.
]]></system-err>
  </testcase>
</testsuite>