<?xml version="1.0" encoding="UTF-8"?>
<!-- Generated by org.testng.reporters.JUnitXMLReporter -->
<testsuite ignored="0" hostname="FIMBAPATLA" failures="0" tests="3" name="EdgeTest" time="20.827" errors="0" timestamp="2025-06-14T23:48:43 IST">
  <testcase classname="tests.AmazonLoginpageTest" name="logintest" time="1.505"/>
  <testcase classname="tests.AmazonSearchTest" name="testSearchAndClickProduct" time="2.386"/>
  <testcase classname="tests.AmazonCartTest" name="addToCartAndProceed" time="5.827"/>
</testsuite> <!-- EdgeTest -->
