<?xml version="1.0" encoding="UTF-8"?>
<!-- Generated by org.testng.reporters.JUnitXMLReporter -->
<testsuite ignored="0" hostname="FIMBAPATLA" failures="0" tests="3" name="FirefoxTest" time="26.939" errors="0" timestamp="2025-06-14T23:48:22 IST">
  <testcase classname="tests.AmazonLoginpageTest" name="logintest" time="4.177"/>
  <testcase classname="tests.AmazonSearchTest" name="testSearchAndClickProduct" time="2.666"/>
  <testcase classname="tests.AmazonCartTest" name="addToCartAndProceed" time="4.616"/>
</testsuite> <!-- FirefoxTest -->
