<?xml version="1.0" encoding="UTF-8"?>
<!-- Generated by org.testng.reporters.JUnitXMLReporter -->
<testsuite ignored="0" hostname="FIMBAPATLA" failures="0" tests="3" name="ChromeTest" time="29.763" errors="0" timestamp="2025-06-14T18:16:38 IST">
  <testcase classname="tests.AmazonLoginpageTest" name="logintest" time="4.226"/>
  <testcase classname="tests.AmazonSearchTest" name="testSearchAndClickProduct" time="2.343"/>
  <testcase classname="tests.AmazonCartTest" name="addToCartAndProceed" time="5.218"/>
</testsuite> <!-- ChromeTest -->
