<?xml version="1.0" encoding="UTF-8"?>
<testng-results ignored="0" total="2" passed="2" failed="0" skipped="0">
  <reporter-output>
  </reporter-output>
  <suite started-at="2025-06-13T17:38:13 IST" name="Default suite" finished-at="2025-06-13T17:38:21 IST" duration-ms="8602">
    <groups>
    </groups>
    <test started-at="2025-06-13T17:38:13 IST" name="Default test" finished-at="2025-06-13T17:38:21 IST" duration-ms="8602">
      <class name="tests.AmazonSearchTest">
        <test-method is-config="true" signature="setUp()[pri:0, instance:tests.AmazonSearchTest@452e19ca]" started-at="2025-06-13T17:38:13 IST" name="setUp" finished-at="2025-06-13T17:38:15 IST" duration-ms="2598" status="PASS">
          <reporter-output>
          </reporter-output>
        </test-method> <!-- setUp -->
        <test-method signature="testSearchAndClickProduct()[pri:0, instance:tests.AmazonSearchTest@452e19ca]" started-at="2025-06-13T17:38:15 IST" name="testSearchAndClickProduct" finished-at="2025-06-13T17:38:18 IST" duration-ms="2565" status="PASS">
          <reporter-output>
          </reporter-output>
        </test-method> <!-- testSearchAndClickProduct -->
        <test-method is-config="true" signature="tearDown()[pri:0, instance:tests.AmazonSearchTest@452e19ca]" started-at="2025-06-13T17:38:18 IST" name="tearDown" finished-at="2025-06-13T17:38:18 IST" duration-ms="1" status="PASS">
          <reporter-output>
          </reporter-output>
        </test-method> <!-- tearDown -->
      </class> <!-- tests.AmazonSearchTest -->
      <class name="tests.AmazonLoginpageTest">
        <test-method is-config="true" signature="setUp()[pri:0, instance:tests.AmazonLoginpageTest@7f284218]" started-at="2025-06-13T17:38:18 IST" name="setUp" finished-at="2025-06-13T17:38:20 IST" duration-ms="1905" status="PASS">
          <reporter-output>
          </reporter-output>
        </test-method> <!-- setUp -->
        <test-method signature="logintest()[pri:0, instance:tests.AmazonLoginpageTest@7f284218]" started-at="2025-06-13T17:38:20 IST" name="logintest" finished-at="2025-06-13T17:38:21 IST" duration-ms="1504" status="PASS">
          <reporter-output>
          </reporter-output>
        </test-method> <!-- logintest -->
        <test-method is-config="true" signature="tearDown()[pri:0, instance:tests.AmazonLoginpageTest@7f284218]" started-at="2025-06-13T17:38:21 IST" name="tearDown" finished-at="2025-06-13T17:38:21 IST" duration-ms="0" status="PASS">
          <reporter-output>
          </reporter-output>
        </test-method> <!-- tearDown -->
      </class> <!-- tests.AmazonLoginpageTest -->
    </test> <!-- Default test -->
  </suite> <!-- Default suite -->
</testng-results>
